<?xml version="1.0" encoding="UTF-8"?>
<!-- Generated by org.testng.reporters.JUnitReportReporter -->
<testsuite hostname="Rudranshlaptop" failures="0" tests="3" name="mainProject.featuredNews.FeaturedNewsTestCases" time="114.281" errors="0" timestamp="2023-06-26T11:31:56 IST" skipped="0">
  <testcase classname="mainProject.featuredNews.FeaturedNewsTestCases" name="Userdetails" time="17.327"/>
  <system-out/>
  <testcase classname="mainProject.featuredNews.FeaturedNewsTestCases" name="Headings" time="1.162"/>
  <system-out/>
  <testcase classname="mainProject.featuredNews.FeaturedNewsTestCases" name="TextOfNews" time="95.792"/>
  <system-out/>
</testsuite> <!-- mainProject.featuredNews.FeaturedNewsTestCases -->
